------------------------------
|        IDS SYMTABLE        |
|----------------------------|
|            len             |
|            ___             |
|            main            |
|            arr             |
|            _9_             |
|             i              |
|             _              |
|            _9f_            |
|            res             |
|            for             |
|            sum             |
|             _9             |
------------------------------

------------------------------
|     LITERALS SYMTABLE      |
|----------------------------|
|             0              |
|             5              |
|             2              |
|             4              |
|             1              |
|             10             |
|             3              |
------------------------------
